<?xml version="1.0" encoding="UTF-8" ?>
<testsuite errors="0" failures="0" hostname="localhost" name="com.example.tests.Test1" skipped="0" tests="1" time="32.83" timestamp="2014-02-16T22:51:17">
  <properties>
    <property name="java.vendor" value="Oracle Corporation" />
    <property name="env.__CHECKFIX1436934" value="1" />
    <property name="sun.java.launcher" value="SUN_STANDARD" />
    <property name="sun.management.compiler" value="HotSpot 64-Bit Tiered Compilers" />
    <property name="os.name" value="Mac OS X" />
    <property name="sun.boot.class.path" value="/Library/Java/JavaVirtualMachines/jdk1.7.0_45.jdk/Contents/Home/jre/lib/resources.jar:/Library/Java/JavaVirtualMachines/jdk1.7.0_45.jdk/Contents/Home/jre/lib/rt.jar:/Library/Java/JavaVirtualMachines/jdk1.7.0_45.jdk/Contents/Home/jre/lib/sunrsasign.jar:/Library/Java/JavaVirtualMachines/jdk1.7.0_45.jdk/Contents/Home/jre/lib/jsse.jar:/Library/Java/JavaVirtualMachines/jdk1.7.0_45.jdk/Contents/Home/jre/lib/jce.jar:/Library/Java/JavaVirtualMachines/jdk1.7.0_45.jdk/Contents/Home/jre/lib/charsets.jar:/Library/Java/JavaVirtualMachines/jdk1.7.0_45.jdk/Contents/Home/jre/lib/jfr.jar:/Library/Java/JavaVirtualMachines/jdk1.7.0_45.jdk/Contents/Home/jre/lib/JObjC.jar:/Library/Java/JavaVirtualMachines/jdk1.7.0_45.jdk/Contents/Home/jre/classes" />
    <property name="env.TMPDIR" value="/var/folders/gb/xjd3_fg11svcy4g3zly9r4rm0000gn/T/" />
    <property name="env.PWD" value="/Users/macbook/Documents/workspace/Test1" />
    <property name="user.country.format" value="RU" />
    <property name="ant.file.type.Test1" value="file" />
    <property name="env.LANG" value="ru_RU.UTF-8" />
    <property name="java.vm.specification.vendor" value="Oracle Corporation" />
    <property name="ant.home" value="/Users/macbook/apache-ant-1.9.3" />
    <property name="java.runtime.version" value="1.7.0_45-b18" />
    <property name="ant.file.Test1" value="/Users/macbook/Documents/workspace/Test1/build.xml" />
    <property name="env.Apple_PubSub_Socket_Render" value="/tmp/launch-i116VS/Render" />
    <property name="env.DISPLAY" value="/tmp/launch-3k4jAU/org.macosforge.xquartz:0" />
    <property name="user.name" value="macbook" />
    <property name="user.language.format" value="ru" />
    <property name="env.USER" value="macbook" />
    <property name="env.SHELL" value="/bin/bash" />
    <property name="env.__CF_USER_TEXT_ENCODING" value="0x1F5:0:0" />
    <property name="env.PATH" value="/usr/local/mysql/bin:/usr/bin:/bin:/usr/sbin:/sbin:/usr/local/bin:/opt/X11/bin:/Users/macbook/android/android-sdk/tools:/Users/macbook/android/android-sdk/platform-tools:/Users/macbook/bin:/Users/macbook/sbin:/Users/macbook/apache-ant-1.9.3/bin" />
    <property name="user.language" value="en" />
    <property name="sun.boot.library.path" value="/Library/Java/JavaVirtualMachines/jdk1.7.0_45.jdk/Contents/Home/jre/lib" />
    <property name="ant.project.default-target" value="build" />
    <property name="ant.project.name" value="Test1" />
    <property name="java.version" value="1.7.0_45" />
    <property name="user.timezone" value="" />
    <property name="sun.arch.data.model" value="64" />
    <property name="http.nonProxyHosts" value="local|*.local|169.254/16|*.169.254/16" />
    <property name="java.endorsed.dirs" value="/Library/Java/JavaVirtualMachines/jdk1.7.0_45.jdk/Contents/Home/jre/lib/endorsed" />
    <property name="sun.cpu.isalist" value="" />
    <property name="sun.jnu.encoding" value="UTF-8" />
    <property name="file.encoding.pkg" value="sun.io" />
    <property name="env.SHLVL" value="1" />
    <property name="ECLIPSE_HOME" value="../../../../../Applications/eclipse" />
    <property name="file.separator" value="/" />
    <property name="java.specification.name" value="Java Platform API Specification" />
    <property name="java.class.version" value="51.0" />
    <property name="user.country" value="US" />
    <property name="java.home" value="/Library/Java/JavaVirtualMachines/jdk1.7.0_45.jdk/Contents/Home/jre" />
    <property name="java.vm.info" value="mixed mode" />
    <property name="env.LOGNAME" value="macbook" />
    <property name="ant.file" value="/Users/macbook/Documents/workspace/Test1/build.xml" />
    <property name="os.version" value="10.9.1" />
    <property name="env.TERM_PROGRAM_VERSION" value="326" />
    <property name="path.separator" value=":" />
    <property name="java.vm.version" value="24.45-b08" />
    <property name="ant.library.dir" value="/Users/macbook/apache-ant-1.9.3/lib" />
    <property name="junit.output.dir" value="junit" />
    <property name="env.JAVA_HOME" value="/Library/Java/JavaVirtualMachines/jdk1.7.0_45.jdk/Contents/Home" />
    <property name="java.awt.printerjob" value="sun.lwawt.macosx.CPrinterJob" />
    <property name="env.TERM" value="xterm-256color" />
    <property name="sun.io.unicode.encoding" value="UnicodeBig" />
    <property name="awt.toolkit" value="sun.lwawt.macosx.LWCToolkit" />
    <property name="socksNonProxyHosts" value="local|*.local|169.254/16|*.169.254/16" />
    <property name="ftp.nonProxyHosts" value="local|*.local|169.254/16|*.169.254/16" />
    <property name="user.home" value="/Users/macbook" />
    <property name="target" value="1.7" />
    <property name="java.specification.vendor" value="Oracle Corporation" />
    <property name="env.JAVA_MAIN_CLASS_10017" value="org.apache.tools.ant.launch.Launcher" />
    <property name="env.TERM_PROGRAM" value="Apple_Terminal" />
    <property name="java.library.path" value="/Users/macbook/Library/Java/Extensions:/Library/Java/Extensions:/Network/Library/Java/Extensions:/System/Library/Java/Extensions:/usr/lib/java:." />
    <property name="java.vendor.url" value="http://java.oracle.com/" />
    <property name="java.vm.vendor" value="Oracle Corporation" />
    <property name="gopherProxySet" value="false" />
    <property name="java.runtime.name" value="Java(TM) SE Runtime Environment" />
    <property name="sun.java.command" value="org.apache.tools.ant.taskdefs.optional.junit.JUnitTestRunner com.example.tests.Test1 skipNonTests=false filtertrace=true haltOnError=false haltOnFailure=false formatter=org.apache.tools.ant.taskdefs.optional.junit.OutErrSummaryJUnitResultFormatter showoutput=false outputtoformatters=true logfailedtests=true logtestlistenerevents=false formatter=org.apache.tools.ant.taskdefs.optional.junit.XMLJUnitResultFormatter,/Users/macbook/Documents/workspace/Test1/junit/TEST-com.example.tests.Test1.xml crashfile=/Users/macbook/Documents/workspace/Test1/junitvmwatcher7866142079088574955.properties propsfile=/Users/macbook/Documents/workspace/Test1/junit5430517968334481946.properties" />
    <property name="java.class.path" value="/Users/macbook/Documents/workspace/Test1/bin:/Users/macbook/Documents/workspace/Test1/lib/selenium-java-2.39.0.jar:/Users/macbook/Documents/workspace/Test1/lib/selenium-server-standalone-2.39.0.jar:/Users/macbook/Documents/workspace/Test1/lib/junit-4.11.jar:/Users/macbook/apache-ant-1.9.3/lib/ant-launcher.jar:/Users/macbook/apache-ant-1.9.3/lib/ant.jar:/Users/macbook/apache-ant-1.9.3/lib/ant-junit.jar:/Users/macbook/apache-ant-1.9.3/lib/ant-junit4.jar" />
    <property name="ant.version" value="Apache Ant(TM) version 1.9.3 compiled on December 23 2013" />
    <property name="env.TERM_SESSION_ID" value="6C2E3EC5-F527-481E-A617-BF348331D50C" />
    <property name="java.vm.specification.name" value="Java Virtual Machine Specification" />
    <property name="ant.file.type" value="file" />
    <property name="java.vm.specification.version" value="1.7" />
    <property name="sun.os.patch.level" value="unknown" />
    <property name="sun.cpu.endian" value="little" />
    <property name="debuglevel" value="source,lines,vars" />
    <property name="env.HOME" value="/Users/macbook" />
    <property name="env.ANT_HOME" value="/Users/macbook/apache-ant-1.9.3" />
    <property name="java.io.tmpdir" value="/var/folders/gb/xjd3_fg11svcy4g3zly9r4rm0000gn/T/" />
    <property name="java.vendor.url.bug" value="http://bugreport.sun.com/bugreport/" />
    <property name="env.SSH_AUTH_SOCK" value="/tmp/launch-Ie94hC/Listeners" />
    <property name="os.arch" value="x86_64" />
    <property name="java.awt.graphicsenv" value="sun.awt.CGraphicsEnvironment" />
    <property name="java.ext.dirs" value="/Users/macbook/Library/Java/Extensions:/Library/Java/JavaVirtualMachines/jdk1.7.0_45.jdk/Contents/Home/jre/lib/ext:/Library/Java/Extensions:/Network/Library/Java/Extensions:/System/Library/Java/Extensions:/usr/lib/java" />
    <property name="user.dir" value="/Users/macbook/Documents/workspace/Test1" />
    <property name="line.separator" value="&#xa;" />
    <property name="java.vm.name" value="Java HotSpot(TM) 64-Bit Server VM" />
    <property name="basedir" value="/Users/macbook/Documents/workspace/Test1" />
    <property name="ant.java.version" value="1.7" />
    <property name="ant.core.lib" value="/Users/macbook/apache-ant-1.9.3/lib/ant.jar" />
    <property name="source" value="1.7" />
    <property name="file.encoding" value="UTF-8" />
    <property name="java.specification.version" value="1.7" />
    <property name="ant.project.invoked-targets" value="Test1" />
  </properties>
  <testcase classname="com.example.tests.Test1" name="testRegistration" time="32.551" />
  <system-out><![CDATA[]]></system-out>
  <system-err><![CDATA[]]></system-err>
</testsuite>
